{"/Users/hankeshidai/Documents/study/egg/egg-msg-flash/egg-msg-flash/app.js": {"path":"/Users/hankeshidai/Documents/study/egg/egg-msg-flash/egg-msg-flash/app.js","statementMap":{"0":{"start":{"line":1,"column":15},"end":{"line":1,"column":38}},"1":{"start":{"line":3,"column":0},"end":{"line":10,"column":1}},"2":{"start":{"line":4,"column":18},"end":{"line":4,"column":62}},"3":{"start":{"line":5,"column":4},"end":{"line":5,"column":61}},"4":{"start":{"line":8,"column":4},"end":{"line":8,"column":55}}},"fnMap":{"0":{"name":"(anonymous_0)","decl":{"start":{"line":3,"column":17},"end":{"line":3,"column":18}},"loc":{"start":{"line":3,"column":24},"end":{"line":10,"column":1}},"line":3}},"branchMap":{},"s":{"0":1,"1":1,"2":1,"3":1,"4":1},"f":{"0":1},"b":{},"_coverageSchema":"43e27e138ebf9cfc5966b082cf9a028302ed4184","hash":"bc91de2fb28fc3c824ef001d804fd66769676cc1","contentHash":"deb233b5851588ed14de50374d45c20848cd379e6a5f1f731fd48d58ec35b4a7"}
,"/Users/hankeshidai/Documents/study/egg/egg-msg-flash/egg-msg-flash/config/config.default.js": {"path":"/Users/hankeshidai/Documents/study/egg/egg-msg-flash/egg-msg-flash/config/config.default.js","statementMap":{"0":{"start":{"line":8,"column":0},"end":{"line":12,"column":2}}},"fnMap":{},"branchMap":{},"s":{"0":1},"f":{},"b":{},"_coverageSchema":"43e27e138ebf9cfc5966b082cf9a028302ed4184","hash":"69ad48d9c4e6899b979946cf2a5afc879fe38eed","contentHash":"4d68f57124e89723c9be9057015a60fc6f6018c4f7d50a3490f2f1ae5c7471d4"}
}
